TN:
SF:components/Carousel.vue
FN:31,(anonymous_1)
FN:51,(anonymous_2)
FN:55,(anonymous_3)
FN:63,(anonymous_4)
FN:72,(anonymous_5)
FN:79,(anonymous_6)
FN:83,(anonymous_7)
FN:87,(anonymous_8)
FN:94,(anonymous_9)
FN:100,(anonymous_10)
FN:107,(anonymous_11)
FN:110,(anonymous_12)
FN:118,(anonymous_13)
FNF:13
FNH:0
FNDA:0,(anonymous_1)
FNDA:0,(anonymous_2)
FNDA:0,(anonymous_3)
FNDA:0,(anonymous_4)
FNDA:0,(anonymous_5)
FNDA:0,(anonymous_6)
FNDA:0,(anonymous_7)
FNDA:0,(anonymous_8)
FNDA:0,(anonymous_9)
FNDA:0,(anonymous_10)
FNDA:0,(anonymous_11)
FNDA:0,(anonymous_12)
FNDA:0,(anonymous_13)
DA:32,0
DA:52,0
DA:53,0
DA:57,0
DA:64,0
DA:65,0
DA:66,0
DA:68,0
DA:73,0
DA:74,0
DA:75,0
DA:77,0
DA:80,0
DA:84,0
DA:85,0
DA:86,0
DA:87,0
DA:88,0
DA:89,0
DA:95,0
DA:96,0
DA:97,0
DA:101,0
DA:102,0
DA:103,0
DA:104,0
DA:108,0
DA:109,0
DA:110,0
DA:111,0
DA:112,0
DA:113,0
DA:120,0
DA:123,0
DA:127,0
DA:130,0
DA:131,0
DA:133,0
LF:38
LH:0
BRDA:65,0,0,0
BRDA:65,0,1,0
BRDA:74,1,0,0
BRDA:74,1,1,0
BRDA:84,2,0,0
BRDA:84,2,1,0
BRDA:84,3,0,0
BRDA:84,3,1,0
BRDA:84,3,2,0
BRDA:108,4,0,0
BRDA:108,4,1,0
BRDA:112,5,0,0
BRDA:112,5,1,0
BRDA:120,6,0,0
BRDA:120,6,1,0
BRDA:120,7,0,0
BRDA:120,7,1,0
BRDA:120,7,2,0
BRDA:127,8,0,0
BRDA:127,8,1,0
BRDA:127,9,0,0
BRDA:127,9,1,0
BRF:22
BRH:0
end_of_record
TN:
SF:components/DanRabbit.vue
FN:36,(anonymous_1)
FN:53,(anonymous_2)
FN:71,(anonymous_3)
FNF:3
FNH:3
FNDA:4,(anonymous_1)
FNDA:4,(anonymous_2)
FNDA:4,(anonymous_3)
DA:29,2
DA:30,2
DA:31,2
DA:32,2
DA:33,2
DA:38,4
DA:39,4
DA:40,4
DA:41,4
DA:42,4
DA:43,4
DA:44,4
DA:45,4
DA:46,4
DA:47,4
DA:48,4
DA:49,4
DA:50,4
DA:51,4
DA:55,4
DA:56,4
DA:57,4
DA:58,4
DA:59,4
DA:60,4
DA:61,4
DA:62,4
DA:63,4
DA:64,4
DA:65,4
DA:66,4
DA:67,4
DA:68,4
DA:72,4
DA:73,4
LF:35
LH:35
BRF:0
BRH:0
end_of_record
TN:
SF:components/Hello.vue
FN:136,(anonymous_1)
FN:144,(anonymous_2)
FNF:2
FNH:2
FNDA:3,(anonymous_1)
FNDA:3,(anonymous_2)
DA:131,2
DA:132,2
DA:133,2
DA:137,3
DA:138,3
DA:139,3
DA:140,3
DA:141,3
DA:145,3
LF:9
LH:9
BRF:0
BRH:0
end_of_record
TN:
SF:components/ImDanFone.vue
FN:22,(anonymous_1)
FN:36,(anonymous_2)
FNF:2
FNH:2
FNDA:3,(anonymous_1)
FNDA:3,(anonymous_2)
DA:17,2
DA:18,2
DA:19,2
DA:23,3
DA:24,3
DA:25,3
DA:26,3
DA:27,3
DA:28,3
DA:29,3
DA:30,3
DA:31,3
DA:32,3
DA:33,3
DA:37,3
LF:15
LH:15
BRF:0
BRH:0
end_of_record
TN:
SF:components/ImageBox.vue
FN:21,(anonymous_1)
FN:26,(anonymous_2)
FNF:2
FNH:0
FNDA:0,(anonymous_1)
FNDA:0,(anonymous_2)
DA:22,0
DA:27,0
LF:2
LH:0
BRF:0
BRH:0
end_of_record
TN:
SF:components/ImagePage.vue
FN:33,(anonymous_2)
FN:43,(anonymous_3)
FN:44,(anonymous_4)
FN:48,(anonymous_5)
FN:54,(anonymous_6)
FNF:5
FNH:1
FNDA:1,(anonymous_2)
FNDA:0,(anonymous_3)
FNDA:0,(anonymous_4)
FNDA:0,(anonymous_5)
FNDA:0,(anonymous_6)
DA:30,2
DA:31,2
DA:34,1
DA:44,0
DA:50,0
DA:55,0
DA:56,0
DA:57,0
DA:58,0
DA:59,0
DA:60,0
DA:61,0
DA:62,0
DA:63,0
DA:64,0
DA:65,0
DA:66,0
DA:67,0
DA:68,0
LF:19
LH:3
BRDA:55,0,0,0
BRDA:55,0,1,0
BRF:2
BRH:0
end_of_record
TN:
SF:components/SingleSite.vue
FN:39,(anonymous_2)
FN:44,(anonymous_3)
FN:45,(anonymous_4)
FNF:3
FNH:2
FNDA:0,(anonymous_2)
FNDA:2,(anonymous_3)
FNDA:3,(anonymous_4)
DA:26,2
DA:40,0
DA:45,5
LF:3
LH:2
BRF:0
BRH:0
end_of_record
TN:
SF:components/TheNavigation.vue
FN:37,(anonymous_1)
FN:43,(anonymous_2)
FN:52,(anonymous_3)
FNF:3
FNH:1
FNDA:2,(anonymous_1)
FNDA:0,(anonymous_2)
FNDA:0,(anonymous_3)
DA:32,1
DA:33,1
DA:34,1
DA:38,2
DA:44,0
DA:45,0
DA:46,0
DA:47,0
DA:48,0
DA:49,0
DA:50,0
DA:53,0
DA:54,0
DA:55,0
DA:56,0
DA:57,0
DA:58,0
DA:59,0
LF:18
LH:4
BRF:0
BRH:0
end_of_record
TN:
SF:pages/development.vue
FN:95,(anonymous_2)
FN:105,(anonymous_3)
FNF:2
FNH:1
FNDA:2,(anonymous_2)
FNDA:0,(anonymous_3)
DA:93,2
DA:96,2
DA:106,0
LF:3
LH:2
BRF:0
BRH:0
end_of_record
TN:
SF:pages/index.vue
FNF:0
FNH:0
DA:15,1
DA:16,1
DA:17,1
LF:3
LH:3
BRF:0
BRH:0
end_of_record
TN:
SF:pages/patternrecognition.vue
FN:42,(anonymous_2)
FN:53,(anonymous_3)
FN:65,(anonymous_4)
FN:73,(anonymous_5)
FN:83,(anonymous_6)
FNF:5
FNH:1
FNDA:0,(anonymous_2)
FNDA:2,(anonymous_3)
FNDA:0,(anonymous_4)
FNDA:0,(anonymous_5)
FNDA:0,(anonymous_6)
DA:36,1
DA:37,1
DA:38,1
DA:39,1
DA:40,1
DA:43,0
DA:54,2
DA:66,0
DA:67,0
DA:68,0
DA:69,0
DA:74,0
DA:75,0
DA:76,0
DA:77,0
DA:85,0
LF:16
LH:6
BRDA:66,0,0,0
BRDA:66,0,1,0
BRDA:67,1,0,0
BRDA:67,1,1,0
BRDA:74,2,0,0
BRDA:74,2,1,0
BRDA:75,3,0,0
BRDA:75,3,1,0
BRF:8
BRH:0
end_of_record
TN:
SF:pages/photography/index.vue
FN:38,(anonymous_1)
FNF:1
FNH:1
FNDA:1,(anonymous_1)
DA:39,1
LF:1
LH:1
BRF:0
BRH:0
end_of_record
TN:
SF:pages/photography/_id/index.vue
FN:74,(anonymous_2)
FN:84,(anonymous_3)
FN:97,(anonymous_4)
FNF:3
FNH:2
FNDA:1,(anonymous_2)
FNDA:1,(anonymous_3)
FNDA:0,(anonymous_4)
DA:71,1
DA:72,1
DA:75,1
DA:85,1
DA:86,1
DA:87,1
DA:88,1
DA:89,1
DA:90,1
DA:91,1
DA:92,0
DA:93,0
DA:94,0
DA:95,0
DA:98,0
DA:99,0
DA:100,0
DA:101,0
DA:102,0
DA:103,0
DA:104,0
LF:21
LH:10
BRF:0
BRH:0
end_of_record
TN:
SF:pages/sketchbook/_id/index.vue
FNF:0
FNH:0
DA:8,0
LF:1
LH:0
BRF:0
BRH:0
end_of_record
